0 verbose cli D:\nodejs\node.exe D:\nodejs\node_modules\npm\bin\npm-cli.js
1 info using npm@11.6.2
2 info using node@v24.13.0
3 silly config load:file:D:\nodejs\node_modules\npm\npmrc
4 silly config load:file:D:\VSCODE\make-my-trip-clone-springboot\makemytour\.npmrc
5 silly config load:file:C:\Users\Windows\.npmrc
6 silly config load:file:C:\Users\Windows\AppData\Roaming\npm\etc\npmrc
7 verbose title npm run built
8 verbose argv "run" "built"
9 verbose logfile logs-max:10 dir:D:\VSCODE\make-my-trip-clone-springboot\makemytour\.npm-cache\_logs\2026-06-06T16_08_48_815Z-
10 verbose logfile D:\VSCODE\make-my-trip-clone-springboot\makemytour\.npm-cache\_logs\2026-06-06T16_08_48_815Z-debug-0.log
11 silly logfile done cleaning log files
12 verbose stack Error: Missing script: "built"
12 verbose stack
12 verbose stack Did you mean this?
12 verbose stack   npm run build # run the "build" package script
12 verbose stack
12 verbose stack To see a list of scripts, run:
12 verbose stack   npm run
12 verbose stack     at #run (D:\nodejs\node_modules\npm\lib\commands\run.js:115:13)
12 verbose stack     at async RunScript.exec (D:\nodejs\node_modules\npm\lib\commands\run.js:44:7)
12 verbose stack     at async Npm.exec (D:\nodejs\node_modules\npm\lib\npm.js:208:9)
12 verbose stack     at async module.exports (D:\nodejs\node_modules\npm\lib\cli\entry.js:67:5)
13 error Missing script: "built"
13 error
13 error Did you mean this?
13 error   npm run build # run the "build" package script
13 error
13 error To see a list of scripts, run:
13 error   npm run
14 verbose cwd D:\VSCODE\make-my-trip-clone-springboot\makemytour
15 verbose os Windows_NT 10.0.26200
16 verbose node v24.13.0
17 verbose npm  v11.6.2
18 verbose exit 1
19 verbose code 1
20 error A complete log of this run can be found in: D:\VSCODE\make-my-trip-clone-springboot\makemytour\.npm-cache\_logs\2026-06-06T16_08_48_815Z-debug-0.log
