0 verbose cli D:\nodejs\node.exe D:\nodejs\node_modules\npm\bin\npm-cli.js
1 info using npm@11.6.2
2 info using node@v24.13.0
3 silly config load:file:D:\nodejs\node_modules\npm\npmrc
4 silly config load:file:D:\VSCODE\make-my-trip-clone-springboot\makemytour\.npmrc
5 silly config load:file:C:\Users\Windows\.npmrc
6 silly config load:file:C:\Users\Windows\AppData\Roaming\npm\etc\npmrc
7 verbose title npm install next@latest
8 verbose argv "install" "next@latest"
9 verbose logfile logs-max:10 dir:D:\VSCODE\make-my-trip-clone-springboot\makemytour\.npm-cache\_logs\2026-06-07T05_23_25_136Z-
10 verbose logfile D:\VSCODE\make-my-trip-clone-springboot\makemytour\.npm-cache\_logs\2026-06-07T05_23_25_136Z-debug-0.log
11 silly logfile start cleaning logs, removing 1 files
12 silly packumentCache heap:2348810240 maxSize:587202560 maxEntrySize:293601280
13 silly logfile done cleaning log files
14 silly packumentCache corgi:https://registry.npmjs.org/next cache-miss
15 http fetch GET 200 https://registry.npmjs.org/next 1226ms (cache updated)
16 silly packumentCache corgi:https://registry.npmjs.org/next set size:undefined disposed:false
17 silly idealTree buildDeps
18 silly fetch manifest next@16.2.7
19 silly packumentCache full:https://registry.npmjs.org/next cache-miss
20 http cache https://registry.npmjs.org/next 77ms (cache hit)
21 silly packumentCache full:https://registry.npmjs.org/next set size:30656294 disposed:false
22 silly fetch manifest @opentelemetry/api@^1.1.0
23 silly packumentCache full:https://registry.npmjs.org/@opentelemetry%2fapi cache-miss
24 http fetch GET 200 https://registry.npmjs.org/@opentelemetry%2fapi 189ms (cache miss)
25 silly packumentCache full:https://registry.npmjs.org/@opentelemetry%2fapi set size:undefined disposed:false
26 silly fetch manifest @playwright/test@^1.51.1
27 silly packumentCache full:https://registry.npmjs.org/@playwright%2ftest cache-miss
28 http fetch GET 200 https://registry.npmjs.org/@playwright%2ftest 1024ms (cache miss)
29 silly packumentCache full:https://registry.npmjs.org/@playwright%2ftest set size:undefined disposed:false
30 silly fetch manifest babel-plugin-react-compiler@*
31 silly packumentCache full:https://registry.npmjs.org/babel-plugin-react-compiler cache-miss
32 http fetch GET 200 https://registry.npmjs.org/babel-plugin-react-compiler 112ms (cache miss)
33 silly packumentCache full:https://registry.npmjs.org/babel-plugin-react-compiler set size:undefined disposed:false
34 silly fetch manifest react@^19.0.0
35 silly packumentCache full:https://registry.npmjs.org/react cache-miss
36 http cache https://registry.npmjs.org/react 27ms (cache hit)
37 silly packumentCache full:https://registry.npmjs.org/react set size:6688498 disposed:false
38 silly fetch manifest react-dom@^19.0.0
39 silly packumentCache full:https://registry.npmjs.org/react-dom cache-miss
40 http fetch GET 200 https://registry.npmjs.org/react-dom 410ms (cache miss)
41 silly packumentCache full:https://registry.npmjs.org/react-dom set size:undefined disposed:false
42 silly fetch manifest sass@^1.3.0
43 silly packumentCache full:https://registry.npmjs.org/sass cache-miss
44 http fetch GET 200 https://registry.npmjs.org/sass 132ms (cache miss)
45 silly packumentCache full:https://registry.npmjs.org/sass set size:undefined disposed:false
46 silly placeDep ROOT next@16.2.7 REPLACE for: makemytour@0.1.0 want: 16.2.7
47 silly fetch manifest @next/env@16.2.7
48 silly packumentCache full:https://registry.npmjs.org/@next%2fenv cache-miss
49 silly fetch manifest baseline-browser-mapping@^2.9.19
50 silly packumentCache full:https://registry.npmjs.org/baseline-browser-mapping cache-miss
51 silly fetch manifest sharp@^0.34.5
52 silly packumentCache full:https://registry.npmjs.org/sharp cache-miss
53 silly fetch manifest @next/swc-darwin-x64@16.2.7
54 silly packumentCache full:https://registry.npmjs.org/@next%2fswc-darwin-x64 cache-miss
55 silly fetch manifest @next/swc-darwin-arm64@16.2.7
56 silly packumentCache full:https://registry.npmjs.org/@next%2fswc-darwin-arm64 cache-miss
57 silly fetch manifest @next/swc-linux-x64-gnu@16.2.7
58 silly packumentCache full:https://registry.npmjs.org/@next%2fswc-linux-x64-gnu cache-miss
59 silly fetch manifest @next/swc-linux-x64-musl@16.2.7
60 silly packumentCache full:https://registry.npmjs.org/@next%2fswc-linux-x64-musl cache-miss
61 silly fetch manifest @next/swc-win32-x64-msvc@16.2.7
62 silly packumentCache full:https://registry.npmjs.org/@next%2fswc-win32-x64-msvc cache-miss
63 silly fetch manifest @next/swc-linux-arm64-gnu@16.2.7
64 silly packumentCache full:https://registry.npmjs.org/@next%2fswc-linux-arm64-gnu cache-miss
65 silly fetch manifest @next/swc-linux-arm64-musl@16.2.7
66 silly packumentCache full:https://registry.npmjs.org/@next%2fswc-linux-arm64-musl cache-miss
67 silly fetch manifest @next/swc-win32-arm64-msvc@16.2.7
68 silly packumentCache full:https://registry.npmjs.org/@next%2fswc-win32-arm64-msvc cache-miss
69 http fetch GET 200 https://registry.npmjs.org/baseline-browser-mapping 227ms (cache miss)
70 silly packumentCache full:https://registry.npmjs.org/baseline-browser-mapping set size:undefined disposed:false
71 http fetch GET 200 https://registry.npmjs.org/@next%2fenv 857ms (cache miss)
72 silly packumentCache full:https://registry.npmjs.org/@next%2fenv set size:undefined disposed:false
73 http fetch GET 200 https://registry.npmjs.org/sharp 915ms (cache miss)
74 silly packumentCache full:https://registry.npmjs.org/sharp set size:undefined disposed:false
75 http fetch GET 200 https://registry.npmjs.org/@next%2fswc-linux-arm64-musl 1683ms (cache miss)
76 silly packumentCache full:https://registry.npmjs.org/@next%2fswc-linux-arm64-musl set size:undefined disposed:false
77 http fetch GET 200 https://registry.npmjs.org/@next%2fswc-win32-x64-msvc 1712ms (cache miss)
78 silly packumentCache full:https://registry.npmjs.org/@next%2fswc-win32-x64-msvc set size:undefined disposed:false
79 http fetch GET 200 https://registry.npmjs.org/@next%2fswc-darwin-arm64 1777ms (cache miss)
80 silly packumentCache full:https://registry.npmjs.org/@next%2fswc-darwin-arm64 set size:undefined disposed:false
81 http fetch GET 200 https://registry.npmjs.org/@next%2fswc-linux-x64-musl 1886ms (cache miss)
82 silly packumentCache full:https://registry.npmjs.org/@next%2fswc-linux-x64-musl set size:undefined disposed:false
83 http fetch GET 200 https://registry.npmjs.org/@next%2fswc-win32-arm64-msvc 1930ms (cache miss)
84 silly packumentCache full:https://registry.npmjs.org/@next%2fswc-win32-arm64-msvc set size:undefined disposed:false
85 http fetch GET 200 https://registry.npmjs.org/@next%2fswc-darwin-x64 1961ms (cache miss)
86 silly packumentCache full:https://registry.npmjs.org/@next%2fswc-darwin-x64 set size:undefined disposed:false
87 http fetch GET 200 https://registry.npmjs.org/@next%2fswc-linux-x64-gnu 2022ms (cache miss)
88 silly packumentCache full:https://registry.npmjs.org/@next%2fswc-linux-x64-gnu set size:undefined disposed:false
89 http fetch GET 200 https://registry.npmjs.org/@next%2fswc-linux-arm64-gnu 2111ms (cache miss)
90 silly packumentCache full:https://registry.npmjs.org/@next%2fswc-linux-arm64-gnu set size:undefined disposed:false
91 silly fetch manifest @emnapi/core@^1.7.1
92 silly packumentCache full:https://registry.npmjs.org/@emnapi%2fcore cache-miss
93 http fetch GET 200 https://registry.npmjs.org/@emnapi%2fcore 265ms (cache revalidated)
94 silly packumentCache full:https://registry.npmjs.org/@emnapi%2fcore set size:108001 disposed:false
95 silly fetch manifest @emnapi/runtime@^1.7.1
96 silly packumentCache full:https://registry.npmjs.org/@emnapi%2fruntime cache-miss
97 http fetch GET 200 https://registry.npmjs.org/@emnapi%2fruntime 89ms (cache revalidated)
98 silly packumentCache full:https://registry.npmjs.org/@emnapi%2fruntime set size:109985 disposed:false
99 silly placeDep ROOT @emnapi/core@1.10.0 OK for: @napi-rs/wasm-runtime@1.1.4 want: ^1.7.1
100 silly placeDep ROOT @emnapi/runtime@1.10.0 OK for: @napi-rs/wasm-runtime@1.1.4 want: ^1.7.1
101 silly placeDep ROOT @next/env@16.2.7 OK for: next@16.2.7 want: 16.2.7
102 silly placeDep ROOT @next/swc-darwin-arm64@16.2.7 OK for: next@16.2.7 want: 16.2.7
103 silly placeDep ROOT @next/swc-darwin-x64@16.2.7 OK for: next@16.2.7 want: 16.2.7
104 silly placeDep ROOT @next/swc-linux-arm64-gnu@16.2.7 OK for: next@16.2.7 want: 16.2.7
105 silly placeDep ROOT @next/swc-linux-arm64-musl@16.2.7 OK for: next@16.2.7 want: 16.2.7
106 silly placeDep ROOT @next/swc-linux-x64-gnu@16.2.7 OK for: next@16.2.7 want: 16.2.7
107 silly placeDep ROOT @next/swc-linux-x64-musl@16.2.7 OK for: next@16.2.7 want: 16.2.7
108 silly placeDep ROOT @next/swc-win32-arm64-msvc@16.2.7 OK for: next@16.2.7 want: 16.2.7
109 silly placeDep ROOT @next/swc-win32-x64-msvc@16.2.7 OK for: next@16.2.7 want: 16.2.7
110 silly placeDep ROOT baseline-browser-mapping@2.10.34 OK for: next@16.2.7 want: ^2.9.19
111 silly placeDep ROOT sharp@0.34.5 OK for: next@16.2.7 want: ^0.34.5
112 silly fetch manifest @img/colour@^1.0.0
113 silly packumentCache full:https://registry.npmjs.org/@img%2fcolour cache-miss
114 silly fetch manifest detect-libc@^2.1.2
115 silly packumentCache full:https://registry.npmjs.org/detect-libc cache-miss
116 silly fetch manifest @img/sharp-wasm32@0.34.5
117 silly packumentCache full:https://registry.npmjs.org/@img%2fsharp-wasm32 cache-miss
118 silly fetch manifest @img/sharp-linux-arm@0.34.5
119 silly packumentCache full:https://registry.npmjs.org/@img%2fsharp-linux-arm cache-miss
120 silly fetch manifest @img/sharp-linux-x64@0.34.5
121 silly packumentCache full:https://registry.npmjs.org/@img%2fsharp-linux-x64 cache-miss
122 silly fetch manifest @img/sharp-win32-x64@0.34.5
123 silly packumentCache full:https://registry.npmjs.org/@img%2fsharp-win32-x64 cache-miss
124 silly fetch manifest @img/sharp-darwin-x64@0.34.5
125 silly packumentCache full:https://registry.npmjs.org/@img%2fsharp-darwin-x64 cache-miss
126 silly fetch manifest @img/sharp-win32-ia32@0.34.5
127 silly packumentCache full:https://registry.npmjs.org/@img%2fsharp-win32-ia32 cache-miss
128 silly fetch manifest @img/sharp-linux-arm64@0.34.5
129 silly packumentCache full:https://registry.npmjs.org/@img%2fsharp-linux-arm64 cache-miss
130 silly fetch manifest @img/sharp-linux-ppc64@0.34.5
131 silly packumentCache full:https://registry.npmjs.org/@img%2fsharp-linux-ppc64 cache-miss
132 silly fetch manifest @img/sharp-linux-s390x@0.34.5
133 silly packumentCache full:https://registry.npmjs.org/@img%2fsharp-linux-s390x cache-miss
134 http fetch GET 200 https://registry.npmjs.org/detect-libc 72ms (cache miss)
135 silly packumentCache full:https://registry.npmjs.org/detect-libc set size:undefined disposed:false
136 silly fetch manifest @img/sharp-win32-arm64@0.34.5
137 silly packumentCache full:https://registry.npmjs.org/@img%2fsharp-win32-arm64 cache-miss
138 http fetch GET 200 https://registry.npmjs.org/@img%2fsharp-darwin-x64 87ms (cache miss)
139 silly packumentCache full:https://registry.npmjs.org/@img%2fsharp-darwin-x64 set size:undefined disposed:false
140 silly fetch manifest @img/sharp-darwin-arm64@0.34.5
141 silly packumentCache full:https://registry.npmjs.org/@img%2fsharp-darwin-arm64 cache-miss
142 http fetch GET 200 https://registry.npmjs.org/@img%2fsharp-wasm32 96ms (cache miss)
143 silly packumentCache full:https://registry.npmjs.org/@img%2fsharp-wasm32 set size:undefined disposed:false
144 silly fetch manifest @img/sharp-linux-riscv64@0.34.5
145 silly packumentCache full:https://registry.npmjs.org/@img%2fsharp-linux-riscv64 cache-miss
146 http fetch GET 200 https://registry.npmjs.org/@img%2fsharp-linux-s390x 96ms (cache miss)
147 silly packumentCache full:https://registry.npmjs.org/@img%2fsharp-linux-s390x set size:undefined disposed:false
148 silly fetch manifest @img/sharp-linuxmusl-x64@0.34.5
149 silly packumentCache full:https://registry.npmjs.org/@img%2fsharp-linuxmusl-x64 cache-miss
150 http fetch GET 200 https://registry.npmjs.org/@img%2fsharp-linux-arm 104ms (cache miss)
151 silly packumentCache full:https://registry.npmjs.org/@img%2fsharp-linux-arm set size:undefined disposed:false
152 silly fetch manifest @img/sharp-linuxmusl-arm64@0.34.5
153 silly packumentCache full:https://registry.npmjs.org/@img%2fsharp-linuxmusl-arm64 cache-miss
154 http fetch GET 200 https://registry.npmjs.org/@img%2fsharp-linux-arm64 115ms (cache miss)
155 silly packumentCache full:https://registry.npmjs.org/@img%2fsharp-linux-arm64 set size:undefined disposed:false
156 silly fetch manifest @img/sharp-libvips-linux-arm@1.2.4
157 silly packumentCache full:https://registry.npmjs.org/@img%2fsharp-libvips-linux-arm cache-miss
158 http fetch GET 200 https://registry.npmjs.org/@img%2fsharp-linux-x64 118ms (cache miss)
159 silly packumentCache full:https://registry.npmjs.org/@img%2fsharp-linux-x64 set size:undefined disposed:false
160 silly fetch manifest @img/sharp-libvips-linux-x64@1.2.4
161 silly packumentCache full:https://registry.npmjs.org/@img%2fsharp-libvips-linux-x64 cache-miss
162 http fetch GET 200 https://registry.npmjs.org/@img%2fsharp-win32-arm64 78ms (cache miss)
163 silly packumentCache full:https://registry.npmjs.org/@img%2fsharp-win32-arm64 set size:undefined disposed:false
164 silly fetch manifest @img/sharp-libvips-darwin-x64@1.2.4
165 silly packumentCache full:https://registry.npmjs.org/@img%2fsharp-libvips-darwin-x64 cache-miss
166 http fetch GET 200 https://registry.npmjs.org/@img%2fsharp-darwin-arm64 97ms (cache miss)
167 silly packumentCache full:https://registry.npmjs.org/@img%2fsharp-darwin-arm64 set size:undefined disposed:false
168 silly fetch manifest @img/sharp-libvips-linux-arm64@1.2.4
169 silly packumentCache full:https://registry.npmjs.org/@img%2fsharp-libvips-linux-arm64 cache-miss
170 http fetch GET 200 https://registry.npmjs.org/@img%2fsharp-linux-riscv64 93ms (cache miss)
171 silly packumentCache full:https://registry.npmjs.org/@img%2fsharp-linux-riscv64 set size:undefined disposed:false
172 silly fetch manifest @img/sharp-libvips-linux-ppc64@1.2.4
173 silly packumentCache full:https://registry.npmjs.org/@img%2fsharp-libvips-linux-ppc64 cache-miss
174 http fetch GET 200 https://registry.npmjs.org/@img%2fsharp-linuxmusl-x64 92ms (cache miss)
175 silly packumentCache full:https://registry.npmjs.org/@img%2fsharp-linuxmusl-x64 set size:undefined disposed:false
176 silly fetch manifest @img/sharp-libvips-linux-s390x@1.2.4
177 silly packumentCache full:https://registry.npmjs.org/@img%2fsharp-libvips-linux-s390x cache-miss
178 http fetch GET 200 https://registry.npmjs.org/@img%2fsharp-libvips-linux-arm 96ms (cache miss)
179 silly packumentCache full:https://registry.npmjs.org/@img%2fsharp-libvips-linux-arm set size:undefined disposed:false
180 silly fetch manifest @img/sharp-libvips-darwin-arm64@1.2.4
181 silly packumentCache full:https://registry.npmjs.org/@img%2fsharp-libvips-darwin-arm64 cache-miss
182 http fetch GET 200 https://registry.npmjs.org/@img%2fsharp-libvips-linux-x64 99ms (cache miss)
183 silly packumentCache full:https://registry.npmjs.org/@img%2fsharp-libvips-linux-x64 set size:undefined disposed:false
184 silly fetch manifest @img/sharp-libvips-linux-riscv64@1.2.4
185 silly packumentCache full:https://registry.npmjs.org/@img%2fsharp-libvips-linux-riscv64 cache-miss
186 http fetch GET 200 https://registry.npmjs.org/@img%2fsharp-libvips-linux-arm64 105ms (cache miss)
187 silly packumentCache full:https://registry.npmjs.org/@img%2fsharp-libvips-linux-arm64 set size:undefined disposed:false
188 silly fetch manifest @img/sharp-libvips-linuxmusl-x64@1.2.4
189 silly packumentCache full:https://registry.npmjs.org/@img%2fsharp-libvips-linuxmusl-x64 cache-miss
190 http fetch GET 200 https://registry.npmjs.org/@img%2fsharp-win32-x64 294ms (cache miss)
191 silly packumentCache full:https://registry.npmjs.org/@img%2fsharp-win32-x64 set size:undefined disposed:false
192 silly fetch manifest @img/sharp-libvips-linuxmusl-arm64@1.2.4
193 silly packumentCache full:https://registry.npmjs.org/@img%2fsharp-libvips-linuxmusl-arm64 cache-miss
194 http fetch GET 200 https://registry.npmjs.org/@img%2fsharp-libvips-linux-ppc64 110ms (cache miss)
195 silly packumentCache full:https://registry.npmjs.org/@img%2fsharp-libvips-linux-ppc64 set size:undefined disposed:false
196 http fetch GET 200 https://registry.npmjs.org/@img%2fsharp-libvips-linux-riscv64 88ms (cache miss)
197 silly packumentCache full:https://registry.npmjs.org/@img%2fsharp-libvips-linux-riscv64 set size:undefined disposed:false
198 http fetch GET 200 https://registry.npmjs.org/@img%2fsharp-libvips-linuxmusl-arm64 106ms (cache miss)
199 silly packumentCache full:https://registry.npmjs.org/@img%2fsharp-libvips-linuxmusl-arm64 set size:undefined disposed:false
200 http fetch GET 200 https://registry.npmjs.org/@img%2fsharp-libvips-darwin-arm64 282ms (cache miss)
201 silly packumentCache full:https://registry.npmjs.org/@img%2fsharp-libvips-darwin-arm64 set size:undefined disposed:false
202 http fetch GET 200 https://registry.npmjs.org/@img%2fsharp-linux-ppc64 504ms (cache miss)
203 silly packumentCache full:https://registry.npmjs.org/@img%2fsharp-linux-ppc64 set size:undefined disposed:false
204 http fetch GET 200 https://registry.npmjs.org/@img%2fsharp-libvips-linux-s390x 322ms (cache miss)
205 silly packumentCache full:https://registry.npmjs.org/@img%2fsharp-libvips-linux-s390x set size:undefined disposed:false
206 http fetch GET 200 https://registry.npmjs.org/@img%2fsharp-win32-ia32 561ms (cache miss)
207 silly packumentCache full:https://registry.npmjs.org/@img%2fsharp-win32-ia32 set size:undefined disposed:false
208 http fetch GET 200 https://registry.npmjs.org/@img%2fsharp-libvips-linuxmusl-x64 318ms (cache miss)
209 silly packumentCache full:https://registry.npmjs.org/@img%2fsharp-libvips-linuxmusl-x64 set size:undefined disposed:false
210 http fetch GET 200 https://registry.npmjs.org/@img%2fsharp-libvips-darwin-x64 497ms (cache miss)
211 silly packumentCache full:https://registry.npmjs.org/@img%2fsharp-libvips-darwin-x64 set size:undefined disposed:false
212 http fetch GET 200 https://registry.npmjs.org/@img%2fcolour 779ms (cache miss)
213 silly packumentCache full:https://registry.npmjs.org/@img%2fcolour set size:undefined disposed:false
214 http fetch GET 200 https://registry.npmjs.org/@img%2fsharp-linuxmusl-arm64 775ms (cache miss)
215 silly packumentCache full:https://registry.npmjs.org/@img%2fsharp-linuxmusl-arm64 set size:undefined disposed:false
216 silly placeDep ROOT @img/colour@1.1.0 OK for: sharp@0.34.5 want: ^1.0.0
217 silly placeDep ROOT @img/sharp-darwin-arm64@0.34.5 OK for: sharp@0.34.5 want: 0.34.5
218 silly placeDep ROOT @img/sharp-darwin-x64@0.34.5 OK for: sharp@0.34.5 want: 0.34.5
219 silly placeDep ROOT @img/sharp-libvips-darwin-arm64@1.2.4 OK for: sharp@0.34.5 want: 1.2.4
220 silly placeDep ROOT @img/sharp-libvips-darwin-x64@1.2.4 OK for: sharp@0.34.5 want: 1.2.4
221 silly placeDep ROOT @img/sharp-libvips-linux-arm@1.2.4 OK for: sharp@0.34.5 want: 1.2.4
222 silly placeDep ROOT @img/sharp-libvips-linux-arm64@1.2.4 OK for: sharp@0.34.5 want: 1.2.4
223 silly placeDep ROOT @img/sharp-libvips-linux-ppc64@1.2.4 OK for: sharp@0.34.5 want: 1.2.4
224 silly placeDep ROOT @img/sharp-libvips-linux-riscv64@1.2.4 OK for: sharp@0.34.5 want: 1.2.4
225 silly placeDep ROOT @img/sharp-libvips-linux-s390x@1.2.4 OK for: sharp@0.34.5 want: 1.2.4
226 silly placeDep ROOT @img/sharp-libvips-linux-x64@1.2.4 OK for: sharp@0.34.5 want: 1.2.4
227 silly placeDep ROOT @img/sharp-libvips-linuxmusl-arm64@1.2.4 OK for: sharp@0.34.5 want: 1.2.4
228 silly placeDep ROOT @img/sharp-libvips-linuxmusl-x64@1.2.4 OK for: sharp@0.34.5 want: 1.2.4
229 silly placeDep ROOT @img/sharp-linux-arm@0.34.5 OK for: sharp@0.34.5 want: 0.34.5
230 silly placeDep ROOT @img/sharp-linux-arm64@0.34.5 OK for: sharp@0.34.5 want: 0.34.5
231 silly placeDep ROOT @img/sharp-linux-ppc64@0.34.5 OK for: sharp@0.34.5 want: 0.34.5
232 silly placeDep ROOT @img/sharp-linux-riscv64@0.34.5 OK for: sharp@0.34.5 want: 0.34.5
233 silly placeDep ROOT @img/sharp-linux-s390x@0.34.5 OK for: sharp@0.34.5 want: 0.34.5
234 silly placeDep ROOT @img/sharp-linux-x64@0.34.5 OK for: sharp@0.34.5 want: 0.34.5
235 silly placeDep ROOT @img/sharp-linuxmusl-arm64@0.34.5 OK for: sharp@0.34.5 want: 0.34.5
236 silly placeDep ROOT @img/sharp-linuxmusl-x64@0.34.5 OK for: sharp@0.34.5 want: 0.34.5
237 silly placeDep ROOT @img/sharp-wasm32@0.34.5 OK for: sharp@0.34.5 want: 0.34.5
238 silly placeDep ROOT @img/sharp-win32-arm64@0.34.5 OK for: sharp@0.34.5 want: 0.34.5
239 silly placeDep ROOT @img/sharp-win32-ia32@0.34.5 OK for: sharp@0.34.5 want: 0.34.5
240 silly placeDep ROOT @img/sharp-win32-x64@0.34.5 OK for: sharp@0.34.5 want: 0.34.5
241 silly placeDep ROOT detect-libc@2.1.2 OK for: sharp@0.34.5 want: ^2.1.2
242 silly reify mark retired [
242 silly reify   'D:\\VSCODE\\make-my-trip-clone-springboot\\makemytour\\node_modules\\@img\\sharp-win32-x64'
242 silly reify ]
243 silly reify mark retired [
243 silly reify   'D:\\VSCODE\\make-my-trip-clone-springboot\\makemytour\\node_modules\\@next\\env'
243 silly reify ]
244 silly reify mark retired [
244 silly reify   'D:\\VSCODE\\make-my-trip-clone-springboot\\makemytour\\node_modules\\@next\\swc-win32-x64-msvc'
244 silly reify ]
245 silly reify mark retired [
245 silly reify   'D:\\VSCODE\\make-my-trip-clone-springboot\\makemytour\\node_modules\\@swc\\counter'
245 silly reify ]
246 silly reify mark retired [
246 silly reify   'D:\\VSCODE\\make-my-trip-clone-springboot\\makemytour\\node_modules\\busboy'
246 silly reify ]
247 silly reify mark retired [
247 silly reify   'D:\\VSCODE\\make-my-trip-clone-springboot\\makemytour\\node_modules\\color'
247 silly reify ]
248 silly reify mark retired [
248 silly reify   'D:\\VSCODE\\make-my-trip-clone-springboot\\makemytour\\node_modules\\color-string'
248 silly reify ]
249 silly reify mark retired [
249 silly reify   'D:\\VSCODE\\make-my-trip-clone-springboot\\makemytour\\node_modules\\is-arrayish'
249 silly reify ]
250 silly reify mark retired [
250 silly reify   'D:\\VSCODE\\make-my-trip-clone-springboot\\makemytour\\node_modules\\next',
250 silly reify   'D:\\VSCODE\\make-my-trip-clone-springboot\\makemytour\\node_modules\\.bin\\next',
250 silly reify   'D:\\VSCODE\\make-my-trip-clone-springboot\\makemytour\\node_modules\\.bin\\next.cmd',
250 silly reify   'D:\\VSCODE\\make-my-trip-clone-springboot\\makemytour\\node_modules\\.bin\\next.ps1'
250 silly reify ]
251 silly reify mark retired [
251 silly reify   'D:\\VSCODE\\make-my-trip-clone-springboot\\makemytour\\node_modules\\sharp'
251 silly reify ]
252 silly reify mark retired [
252 silly reify   'D:\\VSCODE\\make-my-trip-clone-springboot\\makemytour\\node_modules\\simple-swizzle'
252 silly reify ]
253 silly reify mark retired [
253 silly reify   'D:\\VSCODE\\make-my-trip-clone-springboot\\makemytour\\node_modules\\streamsearch'
253 silly reify ]
254 silly reify moves {
254 silly reify   'D:\\VSCODE\\make-my-trip-clone-springboot\\makemytour\\node_modules\\@img\\sharp-win32-x64': 'D:\\VSCODE\\make-my-trip-clone-springboot\\makemytour\\node_modules\\@img\\.sharp-win32-x64-1291tkM4',
254 silly reify   'D:\\VSCODE\\make-my-trip-clone-springboot\\makemytour\\node_modules\\@next\\env': 'D:\\VSCODE\\make-my-trip-clone-springboot\\makemytour\\node_modules\\@next\\.env-8kNoRAVQ',
254 silly reify   'D:\\VSCODE\\make-my-trip-clone-springboot\\makemytour\\node_modules\\@next\\swc-win32-x64-msvc': 'D:\\VSCODE\\make-my-trip-clone-springboot\\makemytour\\node_modules\\@next\\.swc-win32-x64-msvc-JxOqE76N',
254 silly reify   'D:\\VSCODE\\make-my-trip-clone-springboot\\makemytour\\node_modules\\@swc\\counter': 'D:\\VSCODE\\make-my-trip-clone-springboot\\makemytour\\node_modules\\@swc\\.counter-73UavTUw',
254 silly reify   'D:\\VSCODE\\make-my-trip-clone-springboot\\makemytour\\node_modules\\busboy': 'D:\\VSCODE\\make-my-trip-clone-springboot\\makemytour\\node_modules\\.busboy-hvMzyVHg',
254 silly reify   'D:\\VSCODE\\make-my-trip-clone-springboot\\makemytour\\node_modules\\color': 'D:\\VSCODE\\make-my-trip-clone-springboot\\makemytour\\node_modules\\.color-TdHSkYO9',
254 silly reify   'D:\\VSCODE\\make-my-trip-clone-springboot\\makemytour\\node_modules\\color-string': 'D:\\VSCODE\\make-my-trip-clone-springboot\\makemytour\\node_modules\\.color-string-slmSfFkN',
254 silly reify   'D:\\VSCODE\\make-my-trip-clone-springboot\\makemytour\\node_modules\\is-arrayish': 'D:\\VSCODE\\make-my-trip-clone-springboot\\makemytour\\node_modules\\.is-arrayish-IIRU5dhI',
254 silly reify   'D:\\VSCODE\\make-my-trip-clone-springboot\\makemytour\\node_modules\\next': 'D:\\VSCODE\\make-my-trip-clone-springboot\\makemytour\\node_modules\\.next-fMy176WL',
254 silly reify   'D:\\VSCODE\\make-my-trip-clone-springboot\\makemytour\\node_modules\\.bin\\next': 'D:\\VSCODE\\make-my-trip-clone-springboot\\makemytour\\node_modules\\.bin\\.next-RHm51OoN',
254 silly reify   'D:\\VSCODE\\make-my-trip-clone-springboot\\makemytour\\node_modules\\.bin\\next.cmd': 'D:\\VSCODE\\make-my-trip-clone-springboot\\makemytour\\node_modules\\.bin\\.next.cmd-UIWoO14R',
254 silly reify   'D:\\VSCODE\\make-my-trip-clone-springboot\\makemytour\\node_modules\\.bin\\next.ps1': 'D:\\VSCODE\\make-my-trip-clone-springboot\\makemytour\\node_modules\\.bin\\.next.ps1-kxKxL8sU',
254 silly reify   'D:\\VSCODE\\make-my-trip-clone-springboot\\makemytour\\node_modules\\sharp': 'D:\\VSCODE\\make-my-trip-clone-springboot\\makemytour\\node_modules\\.sharp-hvyoTVIc',
254 silly reify   'D:\\VSCODE\\make-my-trip-clone-springboot\\makemytour\\node_modules\\simple-swizzle': 'D:\\VSCODE\\make-my-trip-clone-springboot\\makemytour\\node_modules\\.simple-swizzle-cvzW5RdB',
254 silly reify   'D:\\VSCODE\\make-my-trip-clone-springboot\\makemytour\\node_modules\\streamsearch': 'D:\\VSCODE\\make-my-trip-clone-springboot\\makemytour\\node_modules\\.streamsearch-j2Qj1bSp'
254 silly reify }
255 silly audit bulk request {
255 silly audit   '@alloc/quick-lru': [ '5.2.0' ],
255 silly audit   '@emnapi/wasi-threads': [ '1.2.1' ],
255 silly audit   '@eslint-community/eslint-utils': [ '4.9.1' ],
255 silly audit   'eslint-visitor-keys': [ '3.4.3', '5.0.1', '4.2.1' ],
255 silly audit   '@eslint-community/regexpp': [ '4.12.2' ],
255 silly audit   '@eslint/config-array': [ '0.21.2' ],
255 silly audit   '@eslint/config-helpers': [ '0.4.2' ],
255 silly audit   '@eslint/core': [ '0.17.0' ],
255 silly audit   '@eslint/eslintrc': [ '3.3.5' ],
255 silly audit   '@eslint/js': [ '9.39.4' ],
255 silly audit   '@eslint/object-schema': [ '2.1.7' ],
255 silly audit   '@eslint/plugin-kit': [ '0.4.1' ],
255 silly audit   '@floating-ui/core': [ '1.7.5' ],
255 silly audit   '@floating-ui/dom': [ '1.7.6' ],
255 silly audit   '@floating-ui/react-dom': [ '2.1.8' ],
255 silly audit   '@floating-ui/utils': [ '0.2.11' ],
255 silly audit   '@humanfs/core': [ '0.19.2' ],
255 silly audit   '@humanfs/node': [ '0.16.8' ],
255 silly audit   '@humanfs/types': [ '0.15.0' ],
255 silly audit   '@humanwhocodes/module-importer': [ '1.0.1' ],
255 silly audit   '@humanwhocodes/retry': [ '0.4.3' ],
255 silly audit   '@jridgewell/gen-mapping': [ '0.3.13' ],
255 silly audit   '@jridgewell/resolve-uri': [ '3.1.2' ],
255 silly audit   '@jridgewell/sourcemap-codec': [ '1.5.5' ],
255 silly audit   '@jridgewell/trace-mapping': [ '0.3.31' ],
255 silly audit   '@napi-rs/wasm-runtime': [ '1.1.4' ],
255 silly audit   '@next/eslint-plugin-next': [ '15.1.4' ],
255 silly audit   'fast-glob': [ '3.3.1', '3.3.3' ],
255 silly audit   'glob-parent': [ '5.1.2', '6.0.2' ],
255 silly audit   '@nodelib/fs.scandir': [ '2.1.5' ],
255 silly audit   '@nodelib/fs.stat': [ '2.0.5' ],
255 silly audit   '@nodelib/fs.walk': [ '1.2.8' ],
255 silly audit   '@nolyfill/is-core-module': [ '1.0.39' ],
255 silly audit   '@radix-ui/number': [ '1.1.1' ],
255 silly audit   '@radix-ui/primitive': [ '1.1.3' ],
255 silly audit   '@radix-ui/react-arrow': [ '1.1.7' ],
255 silly audit   '@radix-ui/react-primitive': [ '2.1.3', '2.1.4' ],
255 silly audit   '@radix-ui/react-slot': [ '1.2.3', '1.2.4' ],
255 silly audit   '@radix-ui/react-avatar': [ '1.1.11' ],
255 silly audit   '@radix-ui/react-collection': [ '1.1.7' ],
255 silly audit   '@radix-ui/react-context': [ '1.1.2', '1.1.3' ],
255 silly audit   '@radix-ui/react-compose-refs': [ '1.1.2' ],
255 silly audit   '@radix-ui/react-dialog': [ '1.1.15' ],
255 silly audit   '@radix-ui/react-direction': [ '1.1.1' ],
255 silly audit   '@radix-ui/react-dismissable-layer': [ '1.1.11' ],
255 silly audit   '@radix-ui/react-dropdown-menu': [ '2.1.16' ],
255 silly audit   '@radix-ui/react-focus-guards': [ '1.1.3' ],
255 silly audit   '@radix-ui/react-focus-scope': [ '1.1.7' ],
255 silly audit   '@radix-ui/react-id': [ '1.1.1' ],
255 silly audit   '@radix-ui/react-label': [ '2.1.8' ],
255 silly audit   '@radix-ui/react-menu': [ '2.1.16' ],
255 silly audit   '@radix-ui/react-popper': [ '1.2.8' ],
255 silly audit   '@radix-ui/react-portal': [ '1.1.9' ],
255 silly audit   '@radix-ui/react-presence': [ '1.1.5' ],
255 silly audit   '@radix-ui/react-roving-focus': [ '1.1.11' ],
255 silly audit   '@radix-ui/react-scroll-area': [ '1.2.10' ],
255 silly audit   '@radix-ui/react-tabs': [ '1.1.13' ],
255 silly audit   '@radix-ui/react-use-callback-ref': [ '1.1.1' ],
255 silly audit   '@radix-ui/react-use-controllable-state': [ '1.2.2' ],
255 silly audit   '@radix-ui/react-use-effect-event': [ '0.0.2' ],
255 silly audit   '@radix-ui/react-use-escape-keydown': [ '1.1.1' ],
255 silly audit   '@radix-ui/react-use-is-hydrated': [ '0.1.0' ],
255 silly audit   '@radix-ui/react-use-layout-effect': [ '1.1.1' ],
255 silly audit   '@radix-ui/react-use-rect': [ '1.1.1' ],
255 silly audit   '@radix-ui/react-use-size': [ '1.1.1' ],
255 silly audit   '@radix-ui/rect': [ '1.1.1' ],
255 silly audit   '@reduxjs/toolkit': [ '2.12.0' ],
255 silly audit   '@rtsao/scc': [ '1.1.0' ],
255 silly audit   '@rushstack/eslint-patch': [ '1.16.1' ],
255 silly audit   '@standard-schema/spec': [ '1.1.0' ],
255 silly audit   '@standard-schema/utils': [ '0.3.0' ],
255 silly audit   '@swc/helpers': [ '0.5.15' ],
255 silly audit   '@tybys/wasm-util': [ '0.10.2' ],
255 silly audit   '@types/estree': [ '1.0.9' ],
255 silly audit   '@types/json-schema': [ '7.0.15' ],
255 silly audit   '@types/json5': [ '0.0.29' ],
255 silly audit   '@types/node': [ '20.19.41' ],
255 silly audit   '@types/react': [ '19.2.16' ],
255 silly audit   '@types/react-dom': [ '19.2.3' ],
255 silly audit   '@types/use-sync-external-store': [ '0.0.6' ],
255 silly audit   '@typescript-eslint/eslint-plugin': [ '8.60.1' ],
255 silly audit   ignore: [ '7.0.5', '5.3.2' ],
255 silly audit   '@typescript-eslint/parser': [ '8.60.1' ],
255 silly audit   '@typescript-eslint/project-service': [ '8.60.1' ],
255 silly audit   '@typescript-eslint/scope-manager': [ '8.60.1' ],
255 silly audit   '@typescript-eslint/tsconfig-utils': [ '8.60.1' ],
255 silly audit   '@typescript-eslint/type-utils': [ '8.60.1' ],
255 silly audit   '@typescript-eslint/types': [ '8.60.1' ],
255 silly audit   '@typescript-eslint/typescript-estree': [ '8.60.1' ],
255 silly audit   'balanced-match': [ '4.0.4', '1.0.2' ],
255 silly audit   'brace-expansion': [ '5.0.6', '1.1.15' ],
255 silly audit   minimatch: [ '10.2.5', '3.1.5' ],
255 silly audit   '@typescript-eslint/utils': [ '8.60.1' ],
255 silly audit   '@typescript-eslint/visitor-keys': [ '8.60.1' ],
255 silly audit   '@unrs/resolver-binding-android-arm-eabi': [ '1.12.2' ],
255 silly audit   '@unrs/resolver-binding-android-arm64': [ '1.12.2' ],
255 silly audit   '@unrs/resolver-binding-darwin-arm64': [ '1.12.2' ],
255 silly audit   '@unrs/resolver-binding-darwin-x64': [ '1.12.2' ],
255 silly audit   '@unrs/resolver-binding-freebsd-x64': [ '1.12.2' ],
255 silly audit   '@unrs/resolver-binding-linux-arm-gnueabihf': [ '1.12.2' ],
255 silly audit   '@unrs/resolver-binding-linux-arm-musleabihf': [ '1.12.2' ],
255 silly audit   '@unrs/resolver-binding-linux-arm64-gnu': [ '1.12.2' ],
255 silly audit   '@unrs/resolver-binding-linux-arm64-musl': [ '1.12.2' ],
255 silly audit   '@unrs/resolver-binding-linux-loong64-gnu': [ '1.12.2' ],
255 silly audit   '@unrs/resolver-binding-linux-loong64-musl': [ '1.12.2' ],
255 silly audit   '@unrs/resolver-binding-linux-ppc64-gnu': [ '1.12.2' ],
255 silly audit   '@unrs/resolver-binding-linux-riscv64-gnu': [ '1.12.2' ],
255 silly audit   '@unrs/resolver-binding-linux-riscv64-musl': [ '1.12.2' ],
255 silly audit   '@unrs/resolver-binding-linux-s390x-gnu': [ '1.12.2' ],
255 silly audit   '@unrs/resolver-binding-linux-x64-gnu': [ '1.12.2' ],
255 silly audit   '@unrs/resolver-binding-linux-x64-musl': [ '1.12.2' ],
255 silly audit   '@unrs/resolver-binding-openharmony-arm64': [ '1.12.2' ],
255 silly audit   '@unrs/resolver-binding-wasm32-wasi': [ '1.12.2' ],
255 silly audit   '@unrs/resolver-binding-win32-arm64-msvc': [ '1.12.2' ],
255 silly audit   '@unrs/resolver-binding-win32-ia32-msvc': [ '1.12.2' ],
255 silly audit   '@unrs/resolver-binding-win32-x64-msvc': [ '1.12.2' ],
255 silly audit   acorn: [ '8.16.0' ],
255 silly audit   'acorn-jsx': [ '5.3.2' ],
255 silly audit   'agent-base': [ '6.0.2' ],
255 silly audit   ajv: [ '6.15.0' ],
255 silly audit   'ansi-styles': [ '4.3.0' ],
255 silly audit   'any-promise': [ '1.3.0' ],
255 silly audit   anymatch: [ '3.1.3' ],
255 silly audit   arg: [ '5.0.2' ],
255 silly audit   argparse: [ '2.0.1' ],
255 silly audit   'aria-hidden': [ '1.2.6' ],
255 silly audit   'aria-query': [ '5.3.2' ],
255 silly audit   'array-buffer-byte-length': [ '1.0.2' ],
255 silly audit   'array-includes': [ '3.1.9' ],
255 silly audit   'array.prototype.findlast': [ '1.2.5' ],
255 silly audit   'array.prototype.findlastindex': [ '1.2.6' ],
255 silly audit   'array.prototype.flat': [ '1.3.3' ],
255 silly audit   'array.prototype.flatmap': [ '1.3.3' ],
255 silly audit   'array.prototype.tosorted': [ '1.1.4' ],
255 silly audit   'arraybuffer.prototype.slice': [ '1.0.4' ],
255 silly audit   'ast-types-flow': [ '0.0.8' ],
255 silly audit   'async-function': [ '1.0.0' ],
255 silly audit   asynckit: [ '0.4.0' ],
255 silly audit   'available-typed-arrays': [ '1.0.7' ],
255 silly audit   'axe-core': [ '4.12.0' ],
255 silly audit   axios: [ '1.17.0' ],
255 silly audit   'axobject-query': [ '4.1.0' ],
255 silly audit   'binary-extensions': [ '2.3.0' ],
255 silly audit   braces: [ '3.0.3' ],
255 silly audit   'call-bind': [ '1.0.9' ],
255 silly audit   'call-bind-apply-helpers': [ '1.0.2' ],
255 silly audit   'call-bound': [ '1.0.4' ],
255 silly audit   callsites: [ '3.1.0' ],
255 silly audit   'camelcase-css': [ '2.0.1' ],
255 silly audit   'caniuse-lite': [ '1.0.30001793' ],
255 silly audit   chalk: [ '4.1.2' ],
255 silly audit   chokidar: [ '3.6.0' ],
255 silly audit   'class-variance-authority': [ '0.7.1' ],
255 silly audit   'client-only': [ '0.0.1' ],
255 silly audit   clsx: [ '2.1.1' ],
255 silly audit   'color-convert': [ '2.0.1' ],
255 silly audit   'color-name': [ '1.1.4' ],
255 silly audit   'combined-stream': [ '1.0.8' ],
255 silly audit   commander: [ '4.1.1' ],
255 silly audit   'concat-map': [ '0.0.1' ],
255 silly audit   'cross-spawn': [ '7.0.6' ],
255 silly audit   cssesc: [ '3.0.0' ],
255 silly audit   csstype: [ '3.2.3' ],
255 silly audit   'damerau-levenshtein': [ '1.0.8' ],
255 silly audit   'data-view-buffer': [ '1.0.2' ],
255 silly audit   'data-view-byte-length': [ '1.0.2' ],
255 silly audit   'data-view-byte-offset': [ '1.0.1' ],
255 silly audit   debug: [ '4.4.3', '3.2.7' ],
255 silly audit   'deep-is': [ '0.1.4' ],
255 silly audit   'define-data-property': [ '1.1.4' ],
255 silly audit   'define-properties': [ '1.2.1' ],
255 silly audit   'delayed-stream': [ '1.0.0' ],
255 silly audit   'detect-node-es': [ '1.1.0' ],
255 silly audit   didyoumean: [ '1.2.2' ],
255 silly audit   dlv: [ '1.1.3' ],
255 silly audit   doctrine: [ '2.1.0' ],
255 silly audit   'dunder-proto': [ '1.0.1' ],
255 silly audit   'emoji-regex': [ '9.2.2' ],
255 silly audit   'es-abstract': [ '1.24.2' ],
255 silly audit   'es-define-property': [ '1.0.1' ],
255 silly audit   'es-errors': [ '1.3.0' ],
255 silly audit   'es-iterator-helpers': [ '1.3.2' ],
255 silly audit   'es-object-atoms': [ '1.1.2' ],
255 silly audit   'es-set-tostringtag': [ '2.1.0' ],
255 silly audit   'es-shim-unscopables': [ '1.1.0' ],
255 silly audit   'es-to-primitive': [ '1.3.0' ],
255 silly audit   'escape-string-regexp': [ '4.0.0' ],
255 silly audit   eslint: [ '9.39.4' ],
255 silly audit   'eslint-config-next': [ '15.1.4' ],
255 silly audit   'eslint-import-resolver-node': [ '0.3.10' ],
255 silly audit   resolve: [ '2.0.0-next.7', '1.22.12' ],
255 silly audit   'eslint-import-resolver-typescript': [ '3.10.1' ],
255 silly audit   'eslint-module-utils': [ '2.13.0' ],
255 silly audit   'eslint-plugin-import': [ '2.32.0' ],
255 silly audit   semver: [ '6.3.1', '7.8.2' ],
255 silly audit   'eslint-plugin-jsx-a11y': [ '6.10.2' ],
255 silly audit   'eslint-plugin-react': [ '7.37.5' ],
255 silly audit   'eslint-plugin-react-hooks': [ '5.2.0' ],
255 silly audit   'eslint-scope': [ '8.4.0' ],
255 silly audit   espree: [ '10.4.0' ],
255 silly audit   esquery: [ '1.7.0' ],
255 silly audit   esrecurse: [ '4.3.0' ],
255 silly audit   estraverse: [ '5.3.0' ],
255 silly audit   esutils: [ '2.0.3' ],
255 silly audit   'fast-deep-equal': [ '3.1.3' ],
255 silly audit   'fast-json-stable-stringify': [ '2.1.0' ],
255 silly audit   'fast-levenshtein': [ '2.0.6' ],
255 silly audit   fastq: [ '1.20.1' ],
255 silly audit   'file-entry-cache': [ '8.0.0' ],
255 silly audit   'fill-range': [ '7.1.1' ],
255 silly audit   'find-up': [ '5.0.0' ],
255 silly audit   'flat-cache': [ '4.0.1' ],
255 silly audit   flatted: [ '3.4.2' ],
255 silly audit   'follow-redirects': [ '1.16.0' ],
255 silly audit   'for-each': [ '0.3.5' ],
255 silly audit   'form-data': [ '4.0.5' ],
255 silly audit   fsevents: [ '2.3.3' ],
255 silly audit   'function-bind': [ '1.1.2' ],
255 silly audit   'function.prototype.name': [ '1.1.8' ],
255 silly audit   'functions-have-names': [ '1.2.3' ],
255 silly audit   'generator-function': [ '2.0.1' ],
255 silly audit   'get-intrinsic': [ '1.3.0' ],
255 silly audit   'get-nonce': [ '1.0.1' ],
255 silly audit   'get-proto': [ '1.0.1' ],
255 silly audit   'get-symbol-description': [ '1.1.0' ],
255 silly audit   'get-tsconfig': [ '4.14.0' ],
255 silly audit   globals: [ '14.0.0' ],
255 silly audit   globalthis: [ '1.0.4' ],
255 silly audit   gopd: [ '1.2.0' ],
255 silly audit   'has-bigints': [ '1.1.0' ],
255 silly audit   'has-flag': [ '4.0.0' ],
255 silly audit   'has-property-descriptors': [ '1.0.2' ],
255 silly audit   'has-proto': [ '1.2.0' ],
255 silly audit   'has-symbols': [ '1.1.0' ],
255 silly audit   'has-tostringtag': [ '1.0.2' ],
255 silly audit   hasown: [ '2.0.4' ],
255 silly audit   'https-proxy-agent': [ '5.0.1' ],
255 silly audit   immer: [ '11.1.8' ],
255 silly audit   'import-fresh': [ '3.3.1' ],
255 silly audit   imurmurhash: [ '0.1.4' ],
255 silly audit   'internal-slot': [ '1.1.0' ],
255 silly audit   'is-array-buffer': [ '3.0.5' ],
255 silly audit   'is-async-function': [ '2.1.1' ],
255 silly audit   'is-bigint': [ '1.1.0' ],
255 silly audit   'is-binary-path': [ '2.1.0' ],
255 silly audit   'is-boolean-object': [ '1.2.2' ],
255 silly audit   'is-bun-module': [ '2.0.0' ],
255 silly audit   'is-callable': [ '1.2.7' ],
255 silly audit   'is-core-module': [ '2.16.2' ],
255 silly audit   'is-data-view': [ '1.0.2' ],
255 silly audit   'is-date-object': [ '1.1.0' ],
255 silly audit   'is-extglob': [ '2.1.1' ],
255 silly audit   'is-finalizationregistry': [ '1.1.1' ],
255 silly audit   'is-generator-function': [ '1.1.2' ],
255 silly audit   'is-glob': [ '4.0.3' ],
255 silly audit   'is-map': [ '2.0.3' ],
255 silly audit   'is-negative-zero': [ '2.0.3' ],
255 silly audit   'is-number': [ '7.0.0' ],
255 silly audit   'is-number-object': [ '1.1.1' ],
255 silly audit   'is-regex': [ '1.2.1' ],
255 silly audit   'is-set': [ '2.0.3' ],
255 silly audit   'is-shared-array-buffer': [ '1.0.4' ],
255 silly audit   'is-string': [ '1.1.1' ],
255 silly audit   'is-symbol': [ '1.1.1' ],
255 silly audit   'is-typed-array': [ '1.1.15' ],
255 silly audit   'is-weakmap': [ '2.0.2' ],
255 silly audit   'is-weakref': [ '1.1.1' ],
255 silly audit   'is-weakset': [ '2.0.4' ],
255 silly audit   isarray: [ '2.0.5' ],
255 silly audit   isexe: [ '2.0.0' ],
255 silly audit   'iterator.prototype': [ '1.1.5' ],
255 silly audit   jiti: [ '1.21.7' ],
255 silly audit   'js-tokens': [ '4.0.0' ],
255 silly audit   'js-yaml': [ '4.2.0' ],
255 silly audit   'json-buffer': [ '3.0.1' ],
255 silly audit   'json-schema-traverse': [ '0.4.1' ],
255 silly audit   'json-stable-stringify-without-jsonify': [ '1.0.1' ],
255 silly audit   'jsx-ast-utils': [ '3.3.5' ],
255 silly audit   keyv: [ '4.5.4' ],
255 silly audit   'language-subtag-registry': [ '0.3.23' ],
255 silly audit   'language-tags': [ '1.0.9' ],
255 silly audit   levn: [ '0.4.1' ],
255 silly audit   lilconfig: [ '3.1.3' ],
255 silly audit   'lines-and-columns': [ '1.2.4' ],
255 silly audit   'locate-path': [ '6.0.0' ],
255 silly audit   'lodash.merge': [ '4.6.2' ],
255 silly audit   'loose-envify': [ '1.4.0' ],
255 silly audit   'lucide-react': [ '0.471.2' ],
255 silly audit   'math-intrinsics': [ '1.1.0' ],
255 silly audit   merge2: [ '1.4.1' ],
255 silly audit   micromatch: [ '4.0.8' ],
255 silly audit   'mime-db': [ '1.52.0' ],
255 silly audit   'mime-types': [ '2.1.35' ],
255 silly audit   minimist: [ '1.2.8' ],
255 silly audit   ms: [ '2.1.3' ],
255 silly audit   mz: [ '2.7.0' ],
255 silly audit   nanoid: [ '3.3.12' ],
255 silly audit   'napi-postinstall': [ '0.3.4' ],
255 silly audit   'natural-compare': [ '1.4.0' ],
255 silly audit   postcss: [ '8.5.15', '8.4.31' ],
255 silly audit   'node-exports-info': [ '1.6.0' ],
255 silly audit   'normalize-path': [ '3.0.0' ],
255 silly audit   'object-assign': [ '4.1.1' ],
255 silly audit   'object-hash': [ '3.0.0' ],
255 silly audit   'object-inspect': [ '1.13.4' ],
255 silly audit   'object-keys': [ '1.1.1' ],
255 silly audit   'object.assign': [ '4.1.7' ],
255 silly audit   'object.entries': [ '1.1.9' ],
255 silly audit   'object.fromentries': [ '2.0.8' ],
255 silly audit   'object.groupby': [ '1.0.3' ],
255 silly audit   'object.values': [ '1.2.1' ],
255 silly audit   optionator: [ '0.9.4' ],
255 silly audit   'own-keys': [ '1.0.1' ],
255 silly audit   'p-limit': [ '3.1.0' ],
255 silly audit   'p-locate': [ '5.0.0' ],
255 silly audit   'parent-module': [ '1.0.1' ],
255 silly audit   'path-exists': [ '4.0.0' ],
255 silly audit   'path-key': [ '3.1.1' ],
255 silly audit   'path-parse': [ '1.0.7' ],
255 silly audit   picocolors: [ '1.1.1' ],
255 silly audit   picomatch: [ '2.3.2', '4.0.4' ],
255 silly audit   pify: [ '2.3.0' ],
255 silly audit   pirates: [ '4.0.7' ],
255 silly audit   'possible-typed-array-names': [ '1.1.0' ],
255 silly audit   'postcss-import': [ '15.1.0' ],
255 silly audit   'postcss-js': [ '4.1.0' ],
255 silly audit   'postcss-load-config': [ '6.0.1' ],
255 silly audit   'postcss-nested': [ '6.2.0' ],
255 silly audit   'postcss-selector-parser': [ '6.1.2' ],
255 silly audit   'postcss-value-parser': [ '4.2.0' ],
255 silly audit   'prelude-ls': [ '1.2.1' ],
255 silly audit   'prop-types': [ '15.8.1' ],
255 silly audit   'proxy-from-env': [ '2.1.0' ],
255 silly audit   punycode: [ '2.3.1' ],
255 silly audit   'queue-microtask': [ '1.2.3' ],
255 silly audit   react: [ '19.2.7' ],
255 silly audit   'react-dom': [ '19.2.7' ],
255 silly audit   'react-is': [ '16.13.1' ],
255 silly audit   'react-redux': [ '9.3.0' ],
255 silly audit   'react-remove-scroll': [ '2.7.2' ],
255 silly audit   'react-remove-scroll-bar': [ '2.3.8' ],
255 silly audit   'react-style-singleton': [ '2.2.3' ],
255 silly audit   'read-cache': [ '1.0.0' ],
255 silly audit   readdirp: [ '3.6.0' ],
255 silly audit   redux: [ '5.0.1' ],
255 silly audit   'redux-thunk': [ '3.1.0' ],
255 silly audit   'reflect.getprototypeof': [ '1.0.10' ],
255 silly audit   'regexp.prototype.flags': [ '1.5.4' ],
255 silly audit   reselect: [ '5.2.0' ],
255 silly audit   'resolve-from': [ '4.0.0' ],
255 silly audit   'resolve-pkg-maps': [ '1.0.0' ],
255 silly audit   reusify: [ '1.1.0' ],
255 silly audit   'run-parallel': [ '1.2.0' ],
255 silly audit   'safe-array-concat': [ '1.1.4' ],
255 silly audit   'safe-push-apply': [ '1.0.0' ],
255 silly audit   'safe-regex-test': [ '1.1.0' ],
255 silly audit   scheduler: [ '0.27.0' ],
255 silly audit   'set-function-length': [ '1.2.2' ],
255 silly audit   'set-function-name': [ '2.0.2' ],
255 silly audit   'set-proto': [ '1.0.0' ],
255 silly audit   'shebang-command': [ '2.0.0' ],
255 silly audit   'shebang-regex': [ '3.0.0' ],
255 silly audit   'side-channel': [ '1.1.0' ],
255 silly audit   'side-channel-list': [ '1.0.1' ],
255 silly audit   'side-channel-map': [ '1.0.1' ],
255 silly audit   'side-channel-weakmap': [ '1.0.2' ],
255 silly audit   'source-map-js': [ '1.2.1' ],
255 silly audit   'stable-hash': [ '0.0.5' ],
255 silly audit   'stop-iteration-iterator': [ '1.1.0' ],
255 silly audit   'string.prototype.includes': [ '2.0.1' ],
255 silly audit   'string.prototype.matchall': [ '4.0.12' ],
255 silly audit   'string.prototype.repeat': [ '1.0.0' ],
255 silly audit   'string.prototype.trim': [ '1.2.11' ],
255 silly audit   'string.prototype.trimend': [ '1.0.10' ],
255 silly audit   'string.prototype.trimstart': [ '1.0.8' ],
255 silly audit   'strip-bom': [ '3.0.0' ],
255 silly audit   'strip-json-comments': [ '3.1.1' ],
255 silly audit   'styled-jsx': [ '5.1.6' ],
255 silly audit   sucrase: [ '3.35.1' ],
255 silly audit   'supports-color': [ '7.2.0' ],
255 silly audit   'supports-preserve-symlinks-flag': [ '1.0.0' ],
255 silly audit   'tailwind-merge': [ '2.6.1' ],
255 silly audit   tailwindcss: [ '3.4.19' ],
255 silly audit   'tailwindcss-animate': [ '1.0.7' ],
255 silly audit   thenify: [ '3.3.1' ],
255 silly audit   'thenify-all': [ '1.6.0' ],
255 silly audit   tinyglobby: [ '0.2.17' ],
255 silly audit   fdir: [ '6.5.0' ],
255 silly audit   'to-regex-range': [ '5.0.1' ],
255 silly audit   'ts-api-utils': [ '2.5.0' ],
255 silly audit   'ts-interface-checker': [ '0.1.13' ],
255 silly audit   'tsconfig-paths': [ '3.15.0' ],
255 silly audit   json5: [ '1.0.2' ],
255 silly audit   tslib: [ '2.8.1' ],
255 silly audit   'type-check': [ '0.4.0' ],
255 silly audit   'typed-array-buffer': [ '1.0.3' ],
255 silly audit   'typed-array-byte-length': [ '1.0.3' ],
255 silly audit   'typed-array-byte-offset': [ '1.0.4' ],
255 silly audit   'typed-array-length': [ '1.0.8' ],
255 silly audit   typescript: [ '5.9.3' ],
255 silly audit   'unbox-primitive': [ '1.1.0' ],
255 silly audit   'undici-types': [ '6.21.0' ],
255 silly audit   'unrs-resolver': [ '1.12.2' ],
255 silly audit   'uri-js': [ '4.4.1' ],
255 silly audit   'use-callback-ref': [ '1.3.3' ],
255 silly audit   'use-sidecar': [ '1.1.3' ],
255 silly audit   'use-sync-external-store': [ '1.6.0' ],
255 silly audit   'util-deprecate': [ '1.0.2' ],
255 silly audit   which: [ '2.0.2' ],
255 silly audit   'which-boxed-primitive': [ '1.1.1' ],
255 silly audit   'which-builtin-type': [ '1.2.1' ],
255 silly audit   'which-collection': [ '1.0.2' ],
255 silly audit   'which-typed-array': [ '1.1.22' ],
255 silly audit   'word-wrap': [ '1.2.5' ],
255 silly audit   'yocto-queue': [ '0.1.0' ],
255 silly audit   next: [ '16.2.7' ],
255 silly audit   '@next/env': [ '16.2.7' ],
255 silly audit   '@next/swc-darwin-arm64': [ '16.2.7' ],
255 silly audit   '@next/swc-darwin-x64': [ '16.2.7' ],
255 silly audit   '@next/swc-linux-arm64-gnu': [ '16.2.7' ],
255 silly audit   '@next/swc-linux-arm64-musl': [ '16.2.7' ],
255 silly audit   '@next/swc-linux-x64-gnu': [ '16.2.7' ],
255 silly audit   '@next/swc-linux-x64-musl': [ '16.2.7' ],
255 silly audit   '@next/swc-win32-arm64-msvc': [ '16.2.7' ],
255 silly audit   '@next/swc-win32-x64-msvc': [ '16.2.7' ],
255 silly audit   'baseline-browser-mapping': [ '2.10.34' ],
255 silly audit   sharp: [ '0.34.5' ],
255 silly audit   '@img/colour': [ '1.1.0' ],
255 silly audit   '@img/sharp-darwin-arm64': [ '0.34.5' ],
255 silly audit   '@img/sharp-darwin-x64': [ '0.34.5' ],
255 silly audit   '@img/sharp-libvips-darwin-arm64': [ '1.2.4' ],
255 silly audit   '@img/sharp-libvips-darwin-x64': [ '1.2.4' ],
255 silly audit   '@img/sharp-libvips-linux-arm': [ '1.2.4' ],
255 silly audit   '@img/sharp-libvips-linux-arm64': [ '1.2.4' ],
255 silly audit   '@img/sharp-libvips-linux-ppc64': [ '1.2.4' ],
255 silly audit   '@img/sharp-libvips-linux-riscv64': [ '1.2.4' ],
255 silly audit   '@img/sharp-libvips-linux-s390x': [ '1.2.4' ],
255 silly audit   '@img/sharp-libvips-linux-x64': [ '1.2.4' ],
255 silly audit   '@img/sharp-libvips-linuxmusl-arm64': [ '1.2.4' ],
255 silly audit   '@img/sharp-libvips-linuxmusl-x64': [ '1.2.4' ],
255 silly audit   '@img/sharp-linux-arm': [ '0.34.5' ],
255 silly audit   '@img/sharp-linux-arm64': [ '0.34.5' ],
255 silly audit   '@img/sharp-linux-ppc64': [ '0.34.5' ],
255 silly audit   '@img/sharp-linux-riscv64': [ '0.34.5' ],
255 silly audit   '@img/sharp-linux-s390x': [ '0.34.5' ],
255 silly audit   '@img/sharp-linux-x64': [ '0.34.5' ],
255 silly audit   '@img/sharp-linuxmusl-arm64': [ '0.34.5' ],
255 silly audit   '@img/sharp-linuxmusl-x64': [ '0.34.5' ],
255 silly audit   '@img/sharp-wasm32': [ '0.34.5' ],
255 silly audit   '@img/sharp-win32-arm64': [ '0.34.5' ],
255 silly audit   '@img/sharp-win32-ia32': [ '0.34.5' ],
255 silly audit   '@img/sharp-win32-x64': [ '0.34.5' ],
255 silly audit   'detect-libc': [ '2.1.2' ]
255 silly audit }
256 http cache @img/colour@https://registry.npmjs.org/@img/colour/-/colour-1.1.0.tgz 0ms (cache hit)
257 http cache @next/env@https://registry.npmjs.org/@next/env/-/env-16.2.7.tgz 0ms (cache hit)
258 http cache @next/swc-win32-x64-msvc@https://registry.npmjs.org/@next/swc-win32-x64-msvc/-/swc-win32-x64-msvc-16.2.7.tgz 0ms (cache hit)
259 http cache @img/sharp-win32-x64@https://registry.npmjs.org/@img/sharp-win32-x64/-/sharp-win32-x64-0.34.5.tgz 0ms (cache hit)
260 silly tarball no local data for @img/colour@https://registry.npmjs.org/@img/colour/-/colour-1.1.0.tgz. Extracting by manifest.
261 silly tarball no local data for @next/env@https://registry.npmjs.org/@next/env/-/env-16.2.7.tgz. Extracting by manifest.
262 silly tarball no local data for @next/swc-win32-x64-msvc@https://registry.npmjs.org/@next/swc-win32-x64-msvc/-/swc-win32-x64-msvc-16.2.7.tgz. Extracting by manifest.
263 http cache baseline-browser-mapping@https://registry.npmjs.org/baseline-browser-mapping/-/baseline-browser-mapping-2.10.34.tgz 0ms (cache hit)
264 http cache next@https://registry.npmjs.org/next/-/next-16.2.7.tgz 0ms (cache hit)
265 http cache sharp@https://registry.npmjs.org/sharp/-/sharp-0.34.5.tgz 0ms (cache hit)
266 silly tarball no local data for @img/sharp-win32-x64@https://registry.npmjs.org/@img/sharp-win32-x64/-/sharp-win32-x64-0.34.5.tgz. Extracting by manifest.
267 silly tarball no local data for baseline-browser-mapping@https://registry.npmjs.org/baseline-browser-mapping/-/baseline-browser-mapping-2.10.34.tgz. Extracting by manifest.
268 silly tarball no local data for next@https://registry.npmjs.org/next/-/next-16.2.7.tgz. Extracting by manifest.
269 silly tarball no local data for sharp@https://registry.npmjs.org/sharp/-/sharp-0.34.5.tgz. Extracting by manifest.
270 http fetch GET 200 https://registry.npmjs.org/@img/colour/-/colour-1.1.0.tgz 172ms (cache miss)
271 http fetch GET 200 https://registry.npmjs.org/baseline-browser-mapping/-/baseline-browser-mapping-2.10.34.tgz 205ms (cache miss)
272 http fetch POST 200 https://registry.npmjs.org/-/npm/v1/security/advisories/bulk 330ms
273 silly audit report {
273 silly audit report   postcss: [
273 silly audit report     {
273 silly audit report       id: 1117015,
273 silly audit report       url: 'https://github.com/advisories/GHSA-qx2v-qp2m-jg93',
273 silly audit report       title: 'PostCSS has XSS via Unescaped </style> in its CSS Stringify Output',
273 silly audit report       severity: 'moderate',
273 silly audit report       vulnerable_versions: '<8.5.10',
273 silly audit report       cwe: [Array],
273 silly audit report       cvss: [Object]
273 silly audit report     }
273 silly audit report   ]
273 silly audit report }
274 silly packumentCache corgi:https://registry.npmjs.org/postcss cache-miss
275 http fetch GET 200 https://registry.npmjs.org/@next/env/-/env-16.2.7.tgz 342ms (cache miss)
276 http fetch GET 200 https://registry.npmjs.org/sharp/-/sharp-0.34.5.tgz 361ms (cache miss)
277 http fetch GET 200 https://registry.npmjs.org/postcss 87ms (cache revalidated)
278 silly packumentCache corgi:https://registry.npmjs.org/postcss set size:344717 disposed:false
279 silly packumentCache corgi:https://registry.npmjs.org/next cache-miss
280 http cache https://registry.npmjs.org/next 132ms (cache hit)
281 silly packumentCache corgi:https://registry.npmjs.org/next set size:25161975 disposed:false
282 http fetch GET 200 https://registry.npmjs.org/@img/sharp-win32-x64/-/sharp-win32-x64-0.34.5.tgz 3862ms (cache miss)
283 http fetch GET 200 https://registry.npmjs.org/@next/swc-win32-x64-msvc/-/swc-win32-x64-msvc-16.2.7.tgz 17478ms (cache miss)
284 http fetch GET 200 https://registry.npmjs.org/next/-/next-16.2.7.tgz 23869ms (cache miss)
285 info run sharp@0.34.5 install node_modules/sharp node install/check.js || npm run build
286 info run sharp@0.34.5 install { code: 0, signal: null }
287 silly ADD node_modules/@img/colour
288 silly ADD node_modules/baseline-browser-mapping
289 silly REMOVE node_modules/streamsearch
290 silly REMOVE node_modules/simple-swizzle
291 silly CHANGE node_modules/sharp
292 silly CHANGE node_modules/next
293 silly REMOVE node_modules/is-arrayish
294 silly REMOVE node_modules/color-string
295 silly REMOVE node_modules/color
296 silly REMOVE node_modules/busboy
297 silly REMOVE node_modules/@swc/counter
298 silly CHANGE node_modules/@next/swc-win32-x64-msvc
299 silly CHANGE node_modules/@next/env
300 silly CHANGE node_modules/@img/sharp-win32-x64
301 verbose cwd D:\VSCODE\make-my-trip-clone-springboot\makemytour
302 verbose os Windows_NT 10.0.26200
303 verbose node v24.13.0
304 verbose npm  v11.6.2
305 verbose exit 0
306 info ok
